<?xml version="1.0" encoding="UTF-8"?>
<robot generator="Robot 7.1.1 (Python 3.10.12 on linux)" generated="2024-11-20T11:36:42.214259" rpa="false" schemaversion="5">
<suite id="s1" name="Tests" source="/home/nwaada/kahvi/tests">
<suite id="s1-s1" name="Article" source="/home/nwaada/kahvi/tests/article.robot">
<kw name="Open And Configure Browser" owner="resource" type="SETUP">
<if>
<branch type="IF" condition="$BROWSER == 'chrome'">
<kw name="Evaluate" owner="BuiltIn">
<msg time="2024-11-20T11:36:42.395744" level="INFO">${options} = &lt;selenium.webdriver.chrome.options.Options object at 0x7966320069b0&gt;</msg>
<var>${options}</var>
<arg>sys.modules['selenium.webdriver'].ChromeOptions()</arg>
<arg>sys</arg>
<doc>Evaluates the given expression in Python and returns the result.</doc>
<status status="PASS" start="2024-11-20T11:36:42.395131" elapsed="0.000678"/>
</kw>
<status status="PASS" start="2024-11-20T11:36:42.387256" elapsed="0.008680"/>
</branch>
<branch type="ELSE IF" condition="$BROWSER == 'firefox'">
<kw name="Evaluate" owner="BuiltIn">
<var>${options}</var>
<arg>sys.modules['selenium.webdriver'].FirefoxOptions()</arg>
<arg>sys</arg>
<doc>Evaluates the given expression in Python and returns the result.</doc>
<status status="NOT RUN" start="2024-11-20T11:36:42.396174" elapsed="0.000043"/>
</kw>
<status status="NOT RUN" start="2024-11-20T11:36:42.396000" elapsed="0.000280"/>
</branch>
<status status="PASS" start="2024-11-20T11:36:42.387200" elapsed="0.009128"/>
</if>
<if>
<branch type="IF" condition="$HEADLESS == 'true'">
<kw name="Set Selenium Speed" owner="SeleniumLibrary">
<arg>0</arg>
<doc>Sets the delay that is waited after each Selenium command.</doc>
<status status="NOT RUN" start="2024-11-20T11:36:42.396673" elapsed="0.000038"/>
</kw>
<kw name="Call Method" owner="BuiltIn">
<arg>${options}</arg>
<arg>add_argument</arg>
<arg>--headless</arg>
<doc>Calls the named method of the given object with the provided arguments.</doc>
<status status="NOT RUN" start="2024-11-20T11:36:42.396831" elapsed="0.000030"/>
</kw>
<status status="NOT RUN" start="2024-11-20T11:36:42.396409" elapsed="0.000506"/>
</branch>
<branch type="ELSE">
<kw name="Set Selenium Speed" owner="SeleniumLibrary">
<arg>${DELAY}</arg>
<doc>Sets the delay that is waited after each Selenium command.</doc>
<status status="PASS" start="2024-11-20T11:36:42.397056" elapsed="0.000397"/>
</kw>
<status status="PASS" start="2024-11-20T11:36:42.396952" elapsed="0.000592"/>
</branch>
<status status="PASS" start="2024-11-20T11:36:42.396389" elapsed="0.001200"/>
</if>
<kw name="Open Browser" owner="SeleniumLibrary">
<msg time="2024-11-20T11:36:42.398122" level="INFO">Opening browser 'chrome' to base url 'None'.</msg>
<msg time="2024-11-20T11:36:42.475157" level="WARN">The chromedriver version (130.0.6723.116) detected in PATH at /usr/bin/chromedriver might not be compatible with the detected chrome version (131.0.6778.85); currently, chromedriver 131.0.6778.85 is recommended for chrome 131.*, so it is advised to delete the driver in PATH and retry</msg>
<arg>browser=${BROWSER}</arg>
<arg>options=${options}</arg>
<doc>Opens a new browser instance to the optional ``url``.</doc>
<status status="PASS" start="2024-11-20T11:36:42.397750" elapsed="0.867965"/>
</kw>
<status status="PASS" start="2024-11-20T11:36:42.386801" elapsed="0.879199"/>
</kw>
<test id="s1-s1-t1" name="Set Correct Information" line="8">
<kw name="Set Authors">
<kw name="Input Text" owner="SeleniumLibrary">
<msg time="2024-11-20T11:36:43.268226" level="INFO">Typing text 'Donald E. Knuth' into text field 'author'.</msg>
<msg time="2024-11-20T11:36:44.399601" level="INFO" html="true">&lt;/td&gt;&lt;/tr&gt;&lt;tr&gt;&lt;td colspan="3"&gt;&lt;a href="selenium-screenshot-5.png"&gt;&lt;img src="selenium-screenshot-5.png" width="800px"&gt;&lt;/a&gt;</msg>
<msg time="2024-11-20T11:36:44.399982" level="FAIL">Element with locator 'author' not found.</msg>
<arg>author</arg>
<arg>${author}</arg>
<doc>Types the given ``text`` into the text field identified by ``locator``.</doc>
<status status="FAIL" start="2024-11-20T11:36:43.267542" elapsed="1.135534">Element with locator 'author' not found.</status>
</kw>
<arg>Donald E. Knuth</arg>
<status status="FAIL" start="2024-11-20T11:36:43.266990" elapsed="1.136569">Element with locator 'author' not found.</status>
</kw>
<kw name="Set Title">
<arg>Literate Programming</arg>
<status status="NOT RUN" start="2024-11-20T11:36:44.404224" elapsed="0.000132"/>
</kw>
<kw name="Set Journal">
<arg>The Computer Journal</arg>
<status status="NOT RUN" start="2024-11-20T11:36:44.404815" elapsed="0.000075"/>
</kw>
<kw name="Set Year">
<arg>1984</arg>
<status status="NOT RUN" start="2024-11-20T11:36:44.405194" elapsed="0.000062"/>
</kw>
<kw name="Set Number">
<arg>2</arg>
<status status="NOT RUN" start="2024-11-20T11:36:44.405599" elapsed="0.000114"/>
</kw>
<kw name="Set Pages">
<arg>97-111</arg>
<status status="NOT RUN" start="2024-11-20T11:36:44.406171" elapsed="0.000108"/>
</kw>
<kw name="Set DOI">
<arg>knuth:1984</arg>
<status status="NOT RUN" start="2024-11-20T11:36:44.406737" elapsed="0.000064"/>
</kw>
<kw name="Submit Information">
<status status="NOT RUN" start="2024-11-20T11:36:44.407153" elapsed="0.000063"/>
</kw>
<kw name="Adding Reference Should Succeed">
<status status="NOT RUN" start="2024-11-20T11:36:44.407523" elapsed="0.000055"/>
</kw>
<status status="FAIL" start="2024-11-20T11:36:43.266183" elapsed="1.141918">Element with locator 'author' not found.</status>
</test>
<kw name="Close Browser" owner="SeleniumLibrary" type="TEARDOWN">
<doc>Closes the current browser.</doc>
<status status="PASS" start="2024-11-20T11:36:44.409780" elapsed="0.560395"/>
</kw>
<status status="FAIL" start="2024-11-20T11:36:42.235968" elapsed="2.734501"/>
</suite>
<status status="FAIL" start="2024-11-20T11:36:42.215416" elapsed="2.757046"/>
</suite>
<statistics>
<total>
<stat pass="0" fail="1" skip="0">All Tests</stat>
</total>
<tag>
</tag>
<suite>
<stat pass="0" fail="1" skip="0" id="s1" name="Tests">Tests</stat>
<stat pass="0" fail="1" skip="0" id="s1-s1" name="Article">Tests.Article</stat>
</suite>
</statistics>
<errors>
<msg time="2024-11-20T11:36:42.475157" level="WARN">The chromedriver version (130.0.6723.116) detected in PATH at /usr/bin/chromedriver might not be compatible with the detected chrome version (131.0.6778.85); currently, chromedriver 131.0.6778.85 is recommended for chrome 131.*, so it is advised to delete the driver in PATH and retry</msg>
</errors>
</robot>
